<?xml version="1.0" encoding="UTF-8"?>
<testng-results skipped="0" failed="0" ignored="0" total="1" passed="1">
  <reporter-output>
  </reporter-output>
  <suite name="Default suite" duration-ms="6978" started-at="2021-03-28T18:29:02 IST" finished-at="2021-03-28T18:29:09 IST">
    <groups>
    </groups>
    <test name="Default test" duration-ms="6978" started-at="2021-03-28T18:29:02 IST" finished-at="2021-03-28T18:29:09 IST">
      <class name="TestNG.dropdownpage">
        <test-method status="PASS" signature="dropdownpage()[pri:0, instance:TestNG.dropdownpage@33f88ab]" name="dropdownpage" duration-ms="6956" started-at="2021-03-28T18:29:02 IST" finished-at="2021-03-28T18:29:09 IST">
          <reporter-output>
          </reporter-output>
        </test-method> <!-- dropdownpage -->
      </class> <!-- TestNG.dropdownpage -->
    </test> <!-- Default test -->
  </suite> <!-- Default suite -->
</testng-results>
